[22:04:38] [main/INFO] (FabricLoader/GameProvider) Loading Minecraft 1.19.4 with Fabric Loader 0.14.19
[22:04:38] [ForkJoinPool-1-worker-1/WARN] (FabricLoader/Metadata) Mod alwayssun uses the version ${version} which isn't compatible with Loader's extended semantic version format (Could not parse version number component '${version}'!), SemVer is recommended for reliably evaluating dependencies and prioritizing newer version
[22:04:38] [main/WARN] (FabricLoader/Resolution) Mod resolution failed
[22:04:38] [main/INFO] (FabricLoader/Resolution) Immediate reason: [HARD_DEP_NO_CANDIDATE alwayssun ${version} {depends fabricloader @ [>=${loader_version}]}, ROOT_FORCELOAD_SINGLE alwayssun ${version}]
[22:04:38] [main/INFO] (FabricLoader/Resolution) Reason: [HARD_DEP alwayssun ${version} {depends fabricloader @ [>=${loader_version}]}, HARD_DEP alwayssun ${version} {depends minecraft @ [${minecraft_version}]}, HARD_DEP alwayssun ${version} {depends yet-another-config-lib @ [>=2.1.1]}]
[22:04:38] [main/INFO] (FabricLoader/Resolution) Fix: add [], remove [], replace [[alwayssun ${version}] -> add:alwayssun 1 ([(-∞,∞)])]
[22:04:38] [main/ERROR] (FabricLoader) Incompatible mod set!
net.fabricmc.loader.impl.FormattedException: Mod resolution encountered an incompatible mod set!
A potential solution has been determined:
	 - Replace mod 'Sunshine' (alwayssun) ${version} with any version that is compatible with:
		 - fabricloader 0.14.19
		 - minecraft 1.19.4
Unmet dependency listing:
	 - Mod 'Sunshine' (alwayssun) ${version} requires version ${loader_version} of mod 'Fabric Loader' (fabricloader), but only the wrong version is present: 0.14.19!
	 - Mod 'Sunshine' (alwayssun) ${version} requires version ${minecraft_version} of 'Minecraft' (minecraft), but only the wrong version is present: 1.19.4!
	 - Mod 'Sunshine' (alwayssun) ${version} requires version 2.1.1 or later of yet-another-config-lib, which is missing!
	at net.fabricmc.loader.impl.FormattedException.ofLocalized(FormattedException.java:51) ~[fabric-loader-0.14.19.jar:?]
	at net.fabricmc.loader.impl.FabricLoaderImpl.load(FabricLoaderImpl.java:192) ~[fabric-loader-0.14.19.jar:?]
	at net.fabricmc.loader.impl.launch.knot.Knot.init(Knot.java:148) ~[fabric-loader-0.14.19.jar:?]
	at net.fabricmc.loader.impl.launch.knot.Knot.launch(Knot.java:68) ~[fabric-loader-0.14.19.jar:?]
	at net.fabricmc.loader.impl.launch.knot.KnotClient.main(KnotClient.java:23) ~[fabric-loader-0.14.19.jar:?]
	at net.fabricmc.devlaunchinjector.Main.main(Main.java:86) ~[?:?]
